#0 building with "default" instance using docker driver

#1 [internal] load build definition from Dockerfile
#1 transferring dockerfile: 742B done
#1 DONE 0.0s

#2 [auth] library/rust:pull token for registry-1.docker.io
#2 DONE 0.0s

#3 [auth] library/debian:pull token for registry-1.docker.io
#3 DONE 0.0s

#4 [internal] load metadata for docker.io/library/debian:bookworm-slim
#4 DONE 0.5s

#5 [internal] load metadata for docker.io/library/rust:1.80-slim
#5 DONE 0.5s

#6 [internal] load .dockerignore
#6 transferring context: 49B done
#6 DONE 0.0s

#7 [internal] load build context
#7 DONE 0.0s

#8 [stage-1 1/4] FROM docker.io/library/debian:bookworm-slim@sha256:f9c6a2fd2ddbc23e336b6257a5245e31f996953ef06cd13a59fa0a1df2d5c252
#8 resolve docker.io/library/debian:bookworm-slim@sha256:f9c6a2fd2ddbc23e336b6257a5245e31f996953ef06cd13a59fa0a1df2d5c252 0.1s done
#8 DONE 0.1s

#9 [stage-1 2/4] WORKDIR /app
#9 CACHED

#10 [stage-1 3/4] RUN apt-get update && apt-get install -y     ca-certificates     libssl3     && rm -rf /var/lib/apt/lists/*
#10 CACHED

#11 [builder 1/5] FROM docker.io/library/rust:1.80-slim@sha256:907ff4b3ee7df57149ffee04f606e0a08b9b2ed3507f00a19cf3c9c0f74b7681
#11 resolve docker.io/library/rust:1.80-slim@sha256:907ff4b3ee7df57149ffee04f606e0a08b9b2ed3507f00a19cf3c9c0f74b7681 0.1s done
#11 DONE 0.1s

#7 [internal] load build context
#7 transferring context: 11.23kB 0.0s done
#7 DONE 0.1s

#12 [builder 2/5] WORKDIR /app
#12 CACHED

#13 [builder 3/5] RUN apt-get update && apt-get install -y     pkg-config     libssl-dev     && rm -rf /var/lib/apt/lists/*
#13 CACHED

#14 [builder 4/5] COPY . .
#14 DONE 0.2s

#15 [builder 5/5] RUN cargo build --release
#15 0.265     Updating crates.io index
#15 0.267     Updating git repository `https://github.com/bytecodealliance/wasmtime`
#15 12.03     Updating git submodule `https://github.com/WebAssembly/wasm-c-api`
#15 12.54     Updating git submodule `https://github.com/WebAssembly/WASI`
#15 13.22     Updating git submodule `https://github.com/WebAssembly/wasi-nn`
#15 14.08     Updating git submodule `https://github.com/WebAssembly/testsuite`
#15 15.00     Updating git submodule `https://github.com/WebAssembly/wasi-testsuite.git`
#15 17.34     Updating git submodule `https://github.com/WebAssembly/wasi-threads`
#15 30.06  Downloading crates ...
#15 19.96   Downloaded actix-codec v0.5.2
#15 19.97   Downloaded actix-service v2.0.2
#15 19.98   Downloaded actix-macros v0.2.4
#15 19.99   Downloaded actix-server v2.4.0
#15 20.00   Downloaded actix-router v0.5.3
#15 20.01   Downloaded actix-utils v3.0.1
#15 20.02   Downloaded time-core v0.1.2
#15 20.03   Downloaded convert_case v0.4.0
#15 20.03   Downloaded cap-time-ext v2.0.1
#15 20.04   Downloaded slice-group-by v0.3.1
#15 20.06   Downloaded num-conv v0.1.0
#15 20.07   Downloaded pin-utils v0.1.0
#15 20.08   Downloaded pkg-config v0.3.30
#15 20.11   Downloaded sptr v0.3.2
#15 20.13   Downloaded ron v0.7.1
#15 20.18   Downloaded rand_chacha v0.3.1
#15 20.20   Downloaded regex-lite v0.1.6
#15 20.23   Downloaded shellexpand v2.1.2
#15 20.25   Downloaded regex-automata v0.4.7
#15 20.33   Downloaded pest_derive v2.8.6
#15 20.35   Downloaded syn v2.0.72
#15 20.39   Downloaded regex-syntax v0.8.4
#15 20.42   Downloaded unicode-width v0.1.13
#15 20.44   Downloaded libc v0.2.155
#15 20.58   Downloaded zstd-sys v2.0.12+zstd.1.5.6
#15 20.63   Downloaded brotli v6.0.0
#15 20.70   Downloaded tokio v1.39.1
#15 20.86   Downloaded rustls v0.23.12
#15 20.93   Downloaded rustix v0.38.34
#15 21.06   Downloaded linux-raw-sys v0.4.14
#15 21.19   Downloaded idna v0.5.0
#15 21.21   Downloaded pest v2.8.6
#15 21.22   Downloaded nom v7.1.3
#15 21.25   Downloaded mio v1.0.1
#15 21.27   Downloaded mio v0.8.11
#15 21.30   Downloaded miniz_oxide v0.7.4
#15 21.31   Downloaded minimal-lexical v0.2.1
#15 21.33   Downloaded ring v0.17.8
#15 21.52   Downloaded memchr v2.7.4
#15 21.55   Downloaded language-tags v0.3.2
#15 21.56   Downloaded ittapi-sys v0.4.0
#15 21.58   Downloaded itertools v0.10.5
#15 21.61   Downloaded io-extras v0.18.2
#15 21.62   Downloaded indexmap v2.2.6
#15 21.64   Downloaded hyper-util v0.1.6
#15 21.66   Downloaded hyper v1.4.1
#15 21.69   Downloaded http v1.1.0
#15 21.71   Downloaded http v0.2.12
#15 21.72   Downloaded zerocopy v0.7.35
#15 21.80   Downloaded wit-parser v0.13.2
#15 21.93   Downloaded wast v214.0.0
#15 21.97   Downloaded wast v35.0.2
#15 21.99   Downloaded wasmparser v0.121.2
#15 22.02   Downloaded wasmparser v0.116.1
#15 22.04   Downloaded wasm-encoder v0.214.0
#15 22.05   Downloaded vcpkg v0.2.15
#15 22.27   Downloaded url v2.5.2
#15 22.28   Downloaded unicode-normalization v0.1.23
#15 22.29   Downloaded unicode-bidi v0.3.15
#15 22.30   Downloaded tracing-attributes v0.1.27
#15 22.31   Downloaded tower v0.4.13
#15 22.37   Downloaded tokio-util v0.7.11
#15 22.40   Downloaded hashbrown v0.14.5
#15 22.42   Downloaded encoding_rs v0.8.34
#15 22.48   Downloaded regalloc2 v0.9.3
#15 22.49   Downloaded rayon-core v1.12.1
#15 22.51   Downloaded rayon v1.10.0
#15 22.54   Downloaded rand_core v0.6.4
#15 22.55   Downloaded ppv-lite86 v0.2.17
#15 22.55   Downloaded pathdiff v0.2.3
#15 22.56   Downloaded openssl-sys v0.9.103
#15 22.58   Downloaded once_cell v1.19.0
#15 22.59   Downloaded sync_wrapper v1.0.1
#15 22.59   Downloaded subtle v2.6.1
#15 22.60   Downloaded stable_deref_trait v1.2.0
#15 22.60   Downloaded reqwest v0.12.5
#15 22.63   Downloaded rustc-hash v1.1.0
#15 22.64   Downloaded slab v0.4.9
#15 22.64   Downloaded native-tls v0.2.12
#15 22.65   Downloaded memfd v0.6.4
#15 22.66   Downloaded log v0.4.22
#15 22.67   Downloaded lock_api v0.4.12
#15 22.67   Downloaded jobserver v0.1.32
#15 22.68   Downloaded io-lifetimes v2.0.3
#15 22.69   Downloaded iana-time-zone v0.1.60
#15 22.70   Downloaded hyper-rustls v0.27.2
#15 22.71   Downloaded httparse v1.9.4
#15 22.72   Downloaded zstd-safe v7.2.0
#15 22.73   Downloaded yaml-rust v0.4.5
#15 22.74   Downloaded wasmprinter v0.2.80
#15 22.74   Downloaded uuid v1.10.0
#15 22.75   Downloaded typenum v1.17.0
#15 22.77   Downloaded tracing v0.1.40
#15 22.78   Downloaded tokio-rustls v0.26.0
#15 22.79   Downloaded tinyvec v1.8.0
#15 22.80   Downloaded serde_derive v1.0.204
#15 22.81   Downloaded serde v1.0.204
#15 22.82   Downloaded pin-project-internal v1.1.5
#15 22.83   Downloaded pest_generator v2.8.6
#15 22.84   Downloaded maybe-owned v0.3.4
#15 22.84   Downloaded local-waker v0.1.4
#15 22.84   Downloaded lazy_static v1.5.0
#15 22.85   Downloaded json5 v0.4.1
#15 22.86   Downloaded ipnet v2.9.0
#15 22.87   Downloaded humantime v2.1.0
#15 22.87   Downloaded zstd v0.11.2+zstd.1.5.2
#15 22.89   Downloaded zeroize v1.8.1
#15 22.89   Downloaded wasm-encoder v0.36.2
#15 22.90   Downloaded version_check v0.9.5
#15 22.91   Downloaded ucd-trie v0.1.7
#15 22.92   Downloaded tracing-core v0.1.32
#15 22.93   Downloaded toml v0.5.11
#15 22.93   Downloaded tokio-native-tls v0.3.1
#15 22.94   Downloaded fxhash v0.2.1
#15 22.94   Downloaded futures-sink v0.3.30
#15 22.95   Downloaded cfg-if v1.0.0
#15 22.95   Downloaded base64 v0.13.1
#15 22.96   Downloaded async-trait v0.1.81
#15 22.98   Downloaded regex v1.10.5
#15 23.04   Downloaded percent-encoding v2.3.1
#15 23.04   Downloaded ordered-multimap v0.4.3
#15 23.04   Downloaded openssl-probe v0.1.5
#15 23.05   Downloaded openssl-macros v0.1.1
#15 23.05   Downloaded openssl v0.10.66
#15 23.09   Downloaded mime v0.3.17
#15 23.09   Downloaded memoffset v0.9.1
#15 23.10   Downloaded local-channel v0.1.5
#15 23.10   Downloaded linked-hash-map v0.5.6
#15 23.10   Downloaded leb128 v0.2.5
#15 23.11   Downloaded httpdate v1.0.3
#15 23.12   Downloaded http-body v1.0.1
#15 23.12   Downloaded heck v0.4.1
#15 23.13   Downloaded zstd-safe v5.0.2+zstd.1.5.2
#15 23.13   Downloaded zstd v0.13.2
#15 23.14   Downloaded unicode-xid v0.2.4
#15 23.15   Downloaded tower-service v0.3.2
#15 23.15   Downloaded tinyvec_macros v0.1.1
#15 23.16   Downloaded cpp_demangle v0.3.5
#15 23.17   Downloaded bytestring v1.3.1
#15 23.17   Downloaded bitflags v2.6.0
#15 23.19   Downloaded base64 v0.22.1
#15 23.21   Downloaded atomic-waker v1.1.2
#15 23.22   Downloaded arbitrary v1.3.2
#15 23.23   Downloaded rand v0.8.5
#15 23.24   Downloaded quote v1.0.36
#15 23.25   Downloaded proc-macro2 v1.0.86
#15 23.27   Downloaded parking_lot_core v0.9.10
#15 23.28   Downloaded parking_lot v0.12.3
#15 23.29   Downloaded powerfmt v0.2.0
#15 23.29   Downloaded ittapi v0.4.0
#15 23.30   Downloaded itoa v1.0.11
#15 23.31   Downloaded is_terminal_polyfill v1.70.1
#15 23.31   Downloaded id-arena v2.2.1
#15 23.32   Downloaded hyper-tls v0.6.0
#15 23.32   Downloaded http-body-util v0.1.2
#15 23.33   Downloaded utf8parse v0.2.2
#15 23.34   Downloaded untrusted v0.9.0
#15 23.34   Downloaded unicode-ident v1.0.12
#15 23.35   Downloaded sha1 v0.10.6
#15 23.36   Downloaded generic-array v0.14.7
#15 23.37   Downloaded futures-io v0.3.30
#15 23.37   Downloaded futures-core v0.3.30
#15 23.38   Downloaded equivalent v1.0.1
#15 23.38   Downloaded cap-fs-ext v2.0.1
#15 23.39   Downloaded bytes v1.6.1
#15 23.40   Downloaded byteorder v1.5.0
#15 23.41   Downloaded bitflags v1.3.2
#15 23.43   Downloaded bincode v1.3.3
#15 23.44   Downloaded base64 v0.21.7
#15 23.46   Downloaded rustls-webpki v0.102.6
#15 23.54   Downloaded rustls-pemfile v2.1.2
#15 23.55   Downloaded rustc_version v0.4.0
#15 23.55   Downloaded rustc-demangle v0.1.24
#15 23.56   Downloaded rust-ini v0.18.0
#15 23.56   Downloaded socket2 v0.5.7
#15 23.57   Downloaded signal-hook-registry v1.4.2
#15 23.58   Downloaded sha2 v0.10.8
#15 23.59   Downloaded serde_urlencoded v0.7.1
#15 23.60   Downloaded serde_json v1.0.120
#15 23.63   Downloaded wat v1.214.0
#15 23.63   Downloaded want v0.3.1
#15 23.64   Downloaded try-lock v0.2.5
#15 23.64   Downloaded target-lexicon v0.12.15
#15 23.65   Downloaded system-interface v0.26.1
#15 23.67   Downloaded futures-channel v0.3.30
#15 23.67   Downloaded env_logger v0.11.5
#15 23.68   Downloaded dlv-list v0.3.0
#15 23.69   Downloaded dirs-sys v0.3.7
#15 23.69   Downloaded crossbeam-epoch v0.9.18
#15 23.71   Downloaded config v0.13.4
#15 23.75   Downloaded cap-std v2.0.1
#15 23.76   Downloaded cap-rand v2.0.1
#15 23.76   Downloaded cap-primitives v2.0.1
#15 23.81   Downloaded cap-net-ext v2.0.1
#15 23.81   Downloaded block-buffer v0.10.4
#15 23.82   Downloaded spin v0.9.8
#15 23.83   Downloaded ryu v1.0.18
#15 23.84   Downloaded rustls-pki-types v1.7.0
#15 23.85   Downloaded semver v1.0.23
#15 23.86   Downloaded scopeguard v1.2.0
#15 23.87   Downloaded pest_meta v2.8.6
#15 23.88   Downloaded object v0.32.2
#15 23.91   Downloaded tower-layer v0.3.2
#15 23.92   Downloaded hashbrown v0.13.2
#15 23.93   Downloaded gimli v0.28.1
#15 23.96   Downloaded fnv v1.0.7
#15 23.96   Downloaded env_filter v0.1.2
#15 23.96   Downloaded crossbeam-deque v0.8.5
#15 23.97   Downloaded autocfg v1.3.0
#15 23.98   Downloaded pin-project-lite v0.2.14
#15 24.00   Downloaded pin-project v1.1.5
#15 24.06   Downloaded paste v1.0.15
#15 24.08   Downloaded hashbrown v0.12.3
#15 24.09   Downloaded h2 v0.4.5
#15 24.12   Downloaded h2 v0.3.26
#15 24.15   Downloaded futures-util v0.3.30
#15 24.20   Downloaded flate2 v1.0.30
#15 24.22   Downloaded cc v1.1.6
#15 24.23   Downloaded bumpalo v3.16.0
#15 24.24   Downloaded brotli-decompressor v4.0.1
#15 24.26   Downloaded anyhow v1.0.86
#15 24.28   Downloaded ambient-authority v0.0.2
#15 24.28   Downloaded aho-corasick v1.1.3
#15 24.30   Downloaded actix-web v4.8.0
#15 24.35   Downloaded time-macros v0.2.18
#15 24.36   Downloaded time v0.3.36
#15 24.39   Downloaded thiserror-impl v1.0.63
#15 24.39   Downloaded thiserror v1.0.63
#15 24.42   Downloaded fxprof-processed-profile v0.6.0
#15 24.43   Downloaded futures v0.3.30
#15 24.45   Downloaded fs-set-times v0.20.1
#15 24.45   Downloaded form_urlencoded v1.2.1
#15 24.46   Downloaded fallible-iterator v0.3.0
#15 24.46   Downloaded either v1.13.0
#15 24.47   Downloaded digest v0.10.7
#15 24.48   Downloaded derive_more v0.99.18
#15 24.50   Downloaded crossbeam-utils v0.8.20
#15 24.51   Downloaded crc32fast v1.4.2
#15 24.51   Downloaded cookie v0.16.2
#15 24.52   Downloaded ahash v0.8.11
#15 24.53   Downloaded ahash v0.7.8
#15 24.54   Downloaded addr2line v0.21.0
#15 24.55   Downloaded actix-rt v2.10.0
#15 24.56   Downloaded actix-http v3.8.0
#15 24.59   Downloaded actix-cors v0.7.0
#15 24.60   Downloaded smallvec v1.13.2
#15 24.61   Downloaded getrandom v0.2.15
#15 24.62   Downloaded foreign-types-shared v0.1.1
#15 24.62   Downloaded foreign-types v0.3.2
#15 24.63   Downloaded errno v0.3.9
#15 24.63   Downloaded dirs-sys-next v0.1.2
#15 24.64   Downloaded directories-next v2.0.0
#15 24.64   Downloaded ctor v0.2.8
#15 24.65   Downloaded actix-web-codegen v4.3.0
#15 24.66   Downloaded futures-task v0.3.30
#15 24.66   Downloaded futures-macro v0.3.30
#15 24.67   Downloaded dirs v4.0.0
#15 24.67   Downloaded deranged v0.3.11
#15 24.68   Downloaded debugid v0.8.0
#15 24.68   Downloaded crypto-common v0.1.6
#15 24.69   Downloaded cpufeatures v0.2.12
#15 24.69   Downloaded colorchoice v1.0.2
#15 24.70   Downloaded anstyle-parse v0.2.5
#15 24.70   Downloaded anstream v0.6.15
#15 24.72   Downloaded anstyle-query v1.1.1
#15 24.72   Downloaded anstyle v1.0.8
#15 24.73   Downloaded alloc-stdlib v0.2.2
#15 24.73   Downloaded alloc-no-stdlib v2.0.4
#15 24.74   Downloaded adler v1.0.2
#15 24.92 error: rustc 1.80.1 is not supported by the following packages:
#15 24.92   pest@2.8.6 requires rustc 1.83
#15 24.92   pest@2.8.6 requires rustc 1.83
#15 24.92   pest_derive@2.8.6 requires rustc 1.83
#15 24.92   pest_generator@2.8.6 requires rustc 1.83
#15 24.92   pest_meta@2.8.6 requires rustc 1.83
#15 24.92 Either upgrade rustc or select compatible dependency versions with
#15 24.92 `cargo update <name>@<current-ver> --precise <compatible-ver>`
#15 24.92 where `<compatible-ver>` is the latest version supporting rustc 1.80.1
#15 24.92 
#15 ERROR: process "/bin/sh -c cargo build --release" did not complete successfully: exit code: 101
------
 > [builder 5/5] RUN cargo build --release:
24.92 error: rustc 1.80.1 is not supported by the following packages:
24.92   pest@2.8.6 requires rustc 1.83
24.92   pest@2.8.6 requires rustc 1.83
24.92   pest_derive@2.8.6 requires rustc 1.83
24.92   pest_generator@2.8.6 requires rustc 1.83
24.92   pest_meta@2.8.6 requires rustc 1.83
24.92 Either upgrade rustc or select compatible dependency versions with
24.92 `cargo update <name>@<current-ver> --precise <compatible-ver>`
24.92 where `<compatible-ver>` is the latest version supporting rustc 1.80.1
24.92 
------
Dockerfile:15
--------------------
  13 |     
  14 |     # Build the application
  15 | >>> RUN cargo build --release
  16 |     
  17 |     # Runtime stage
--------------------
ERROR: failed to build: failed to solve: process "/bin/sh -c cargo build --release" did not complete successfully: exit code: 101
